<?xml version="1.0" encoding="UTF-8"?>
<!-- Generated by org.testng.reporters.JUnitXMLReporter -->
<testsuite hostname="CIPLWKT014" ignored="0" name="Test10" tests="6" failures="1" timestamp="06 Apr 2024 10:53:13 GMT" time="559.826" errors="0">
  <testcase name="Login_EWA" time="33.736" classname="Script.My_Preferences_Annotation"/>
  <testcase name="TC_01_Verify_Maximum_Annotation" time="105.022" classname="Script.My_Preferences_Annotation"/>
  <testcase name="TC_02_Verify_set_Annotation1" time="99.979" classname="Script.My_Preferences_Annotation">
    <skipped/>
  </testcase> <!-- TC_02_Verify_set_Annotation1 -->
  <testcase name="TC_02_Verify_set_Annotation1" time="101.139" classname="Script.My_Preferences_Annotation">
    <skipped/>
  </testcase> <!-- TC_02_Verify_set_Annotation1 -->
  <testcase name="TC_02_Verify_set_Annotation1" time="101.367" classname="Script.My_Preferences_Annotation">
    <skipped/>
  </testcase> <!-- TC_02_Verify_set_Annotation1 -->
  <testcase name="TC_02_Verify_set_Annotation1" time="101.617" classname="Script.My_Preferences_Annotation">
    <failure type="org.openqa.selenium.TimeoutException" message="Expected condition failed: waiting for alert to be present (tried for 20 second(s) with 500 milliseconds interval)
Build info: version: &amp;apos;3.141.59&amp;apos;, revision: &amp;apos;e82be7d358&amp;apos;, time: &amp;apos;2018-11-14T08:25:53&amp;apos;
System info: host: &amp;apos;CIPLWKT014&amp;apos;, ip: &amp;apos;10.4.8.14&amp;apos;, os.name: &amp;apos;Windows 10&amp;apos;, os.arch: &amp;apos;x86&amp;apos;, os.version: &amp;apos;10.0&amp;apos;, java.version: &amp;apos;1.8.0_351&amp;apos;
Driver info: org.openqa.selenium.chrome.ChromeDriver
Capabilities {acceptInsecureCerts: false, browserName: chrome, browserVersion: 123.0.6312.106, chrome: {chromedriverVersion: 123.0.6312.58 (6b4b19e9dfbb..., userDataDir: C:\Users\nisha.r\AppData\Lo...}, fedcm:accounts: true, goog:chromeOptions: {debuggerAddress: localhost:60884}, javascriptEnabled: true, networkConnectionEnabled: false, pageLoadStrategy: normal, platform: WINDOWS, platformName: WINDOWS, proxy: Proxy(), setWindowRect: true, strictFileInteractability: false, timeouts: {implicit: 0, pageLoad: 300000, script: 30000}, unhandledPromptBehavior: dismiss and notify, webauthn:extension:credBlob: true, webauthn:extension:largeBlob: true, webauthn:extension:minPinLength: true, webauthn:extension:prf: true, webauthn:virtualAuthenticators: true}
Session ID: 94a12ab3ddba902720b6ea3a4d63a7e8">
      <![CDATA[org.openqa.selenium.TimeoutException: Expected condition failed: waiting for alert to be present (tried for 20 second(s) with 500 milliseconds interval)
Build info: version: '3.141.59', revision: 'e82be7d358', time: '2018-11-14T08:25:53'
System info: host: 'CIPLWKT014', ip: '10.4.8.14', os.name: 'Windows 10', os.arch: 'x86', os.version: '10.0', java.version: '1.8.0_351'
Driver info: org.openqa.selenium.chrome.ChromeDriver
Capabilities {acceptInsecureCerts: false, browserName: chrome, browserVersion: 123.0.6312.106, chrome: {chromedriverVersion: 123.0.6312.58 (6b4b19e9dfbb..., userDataDir: C:\Users\nisha.r\AppData\Lo...}, fedcm:accounts: true, goog:chromeOptions: {debuggerAddress: localhost:60884}, javascriptEnabled: true, networkConnectionEnabled: false, pageLoadStrategy: normal, platform: WINDOWS, platformName: WINDOWS, proxy: Proxy(), setWindowRect: true, strictFileInteractability: false, timeouts: {implicit: 0, pageLoad: 300000, script: 30000}, unhandledPromptBehavior: dismiss and notify, webauthn:extension:credBlob: true, webauthn:extension:largeBlob: true, webauthn:extension:minPinLength: true, webauthn:extension:prf: true, webauthn:virtualAuthenticators: true}
Session ID: 94a12ab3ddba902720b6ea3a4d63a7e8
at org.openqa.selenium.support.ui.WebDriverWait.timeoutException(WebDriverWait.java:95)
at org.openqa.selenium.support.ui.FluentWait.until(FluentWait.java:272)
at Script.My_Preferences_Annotation.TC_02_Verify_set_Annotation1(My_Preferences_Annotation.java:116)
... Removed 27 stack frames]]>
    </failure>
  </testcase> <!-- TC_02_Verify_set_Annotation1 -->
</testsuite> <!-- Test10 -->
