<?xml version="1.0" encoding="UTF-8"?>
<!-- Generated by org.testng.reporters.JUnitXMLReporter -->
<testsuite ignored="0" hostname="CIPLWKT014" failures="0" tests="4" name="Test 15" time="536.671" errors="0" timestamp="2025-01-01T14:14:53 IST">
  <testcase classname="Computhink.Script.LargeFiles_AutomationTesting" name="TC_1_Upload_and_verify_Large_PDF_file" time="117.517"/>
  <testcase classname="Computhink.Script.LargeFiles_AutomationTesting" name="TC_2_Upload_and_verify_Large_TIFF_file" time="131.9"/>
  <testcase classname="Computhink.Script.LargeFiles_AutomationTesting" name="TC_3_Upload_and_verify_Large_DOCX_file" time="124.294"/>
  <testcase classname="Computhink.Script.LargeFiles_AutomationTesting" name="TC_4_Upload_and_verify_Large_XLSX_file" time="162.954"/>
</testsuite> <!-- Test 15 -->
