<?xml version="1.0" encoding="UTF-8"?>
<!-- Generated by org.testng.reporters.JUnitXMLReporter -->
<testsuite hostname="CIPLWKT014" ignored="0" name="Test 5" tests="8" failures="0" timestamp="29 Feb 2024 10:05:43 GMT" time="280.01" errors="0">
  <testcase name="Login" time="33.961" classname="Script.ToDoListFunctionality"/>
  <testcase name="TC_1_SendDoc" time="45.007" classname="Script.ToDoListFunctionality"/>
  <testcase name="TC_2_refrshAndLogVidyaUser" time="35.41" classname="Script.ToDoListFunctionality"/>
  <testcase name="TC_3_SendAndNewItemsMetaDataAgree" time="22.769" classname="Script.ToDoListFunctionality"/>
  <testcase name="TC_4_Task2UserNishaAccept" time="29.38" classname="Script.ToDoListFunctionality"/>
  <testcase name="TC_5_TaskUser2RNishaRejectTheDocument" time="32.034" classname="Script.ToDoListFunctionality"/>
  <testcase name="TC_6_refrshAndLogDipak" time="24.898" classname="Script.ToDoListFunctionality"/>
  <testcase name="TC_8_DocEndedFromTask3DipakUser" time="36.553" classname="Script.ToDoListFunctionality"/>
</testsuite> <!-- Test 5 -->
