<?xml version="1.0" encoding="UTF-8"?>
<!-- Generated by org.testng.reporters.JUnitXMLReporter -->
<testsuite hostname="CIPLWKT014" ignored="0" name="Test1" tests="7" failures="0" timestamp="16 Aug 2024 10:16:06 GMT" time="10.67" errors="0">
  <testcase name="@BeforeClass Launch_Browser" time="10.647" classname="Script.Login_Validation">
    <failure type="org.openqa.selenium.WebDriverException" message="unknown error: net::ERR_CONNECTION_REFUSED
  (Session info: MicrosoftEdge=126.0.2592.87)
Build info: version: &amp;apos;3.141.59&amp;apos;, revision: &amp;apos;e82be7d358&amp;apos;, time: &amp;apos;2018-11-14T08:25:53&amp;apos;
System info: host: &amp;apos;CIPLWKT014&amp;apos;, ip: &amp;apos;10.4.8.14&amp;apos;, os.name: &amp;apos;Windows 10&amp;apos;, os.arch: &amp;apos;x86&amp;apos;, os.version: &amp;apos;10.0&amp;apos;, java.version: &amp;apos;1.8.0_351&amp;apos;
Driver info: org.openqa.selenium.edge.EdgeDriver
Capabilities {acceptInsecureCerts: false, browserName: MicrosoftEdge, browserVersion: 126.0.2592.87, fedcm:accounts: true, javascriptEnabled: true, ms:edgeOptions: {debuggerAddress: localhost:59068}, msedge: {msedgedriverVersion: 126.0.2592.137 (0de2eed29f9..., userDataDir: C:\Users\nisha.r\AppData\Lo...}, networkConnectionEnabled: false, pageLoadStrategy: normal, platform: WINDOWS, platformName: WINDOWS, proxy: Proxy(), setWindowRect: true, strictFileInteractability: false, timeouts: {implicit: 0, pageLoad: 300000, script: 30000}, unhandledPromptBehavior: dismiss and notify, webauthn:extension:credBlob: true, webauthn:extension:largeBlob: true, webauthn:extension:minPinLength: true, webauthn:extension:prf: true, webauthn:virtualAuthenticators: true}
Session ID: a320b6361c2664a82f04751e6e04d841">
      <![CDATA[org.openqa.selenium.WebDriverException: unknown error: net::ERR_CONNECTION_REFUSED
  (Session info: MicrosoftEdge=126.0.2592.87)
Build info: version: '3.141.59', revision: 'e82be7d358', time: '2018-11-14T08:25:53'
System info: host: 'CIPLWKT014', ip: '10.4.8.14', os.name: 'Windows 10', os.arch: 'x86', os.version: '10.0', java.version: '1.8.0_351'
Driver info: org.openqa.selenium.edge.EdgeDriver
Capabilities {acceptInsecureCerts: false, browserName: MicrosoftEdge, browserVersion: 126.0.2592.87, fedcm:accounts: true, javascriptEnabled: true, ms:edgeOptions: {debuggerAddress: localhost:59068}, msedge: {msedgedriverVersion: 126.0.2592.137 (0de2eed29f9..., userDataDir: C:\Users\nisha.r\AppData\Lo...}, networkConnectionEnabled: false, pageLoadStrategy: normal, platform: WINDOWS, platformName: WINDOWS, proxy: Proxy(), setWindowRect: true, strictFileInteractability: false, timeouts: {implicit: 0, pageLoad: 300000, script: 30000}, unhandledPromptBehavior: dismiss and notify, webauthn:extension:credBlob: true, webauthn:extension:largeBlob: true, webauthn:extension:minPinLength: true, webauthn:extension:prf: true, webauthn:virtualAuthenticators: true}
Session ID: a320b6361c2664a82f04751e6e04d841
at org.openqa.selenium.remote.http.W3CHttpResponseCodec.createException(W3CHttpResponseCodec.java:187)
at org.openqa.selenium.remote.http.W3CHttpResponseCodec.decode(W3CHttpResponseCodec.java:122)
at org.openqa.selenium.remote.http.W3CHttpResponseCodec.decode(W3CHttpResponseCodec.java:49)
at org.openqa.selenium.remote.HttpCommandExecutor.execute(HttpCommandExecutor.java:158)
at org.openqa.selenium.remote.service.DriverCommandExecutor.execute(DriverCommandExecutor.java:83)
at org.openqa.selenium.remote.RemoteWebDriver.execute(RemoteWebDriver.java:552)
at org.openqa.selenium.remote.RemoteWebDriver.get(RemoteWebDriver.java:277)
at Generic.BaseClass.launchUrl(BaseClass.java:113)
at Script.Login_Validation.Launch_Browser(Login_Validation.java:18)
... Removed 30 stack frames]]>
    </failure>
  </testcase> <!-- @BeforeClass Launch_Browser -->
  <testcase name="Login_EWA" time="0.0" classname="Script.Login_Validation">
    <skipped/>
  </testcase> <!-- Login_EWA -->
  <testcase name="TC_02_Verifying_Login_EWA_with_blank_Username" time="0.0" classname="Script.Login_Validation">
    <skipped/>
  </testcase> <!-- TC_02_Verifying_Login_EWA_with_blank_Username -->
  <testcase name="TC_03_Verifying_Login_EWA_with_blank_Password" time="0.0" classname="Script.Login_Validation">
    <skipped/>
  </testcase> <!-- TC_03_Verifying_Login_EWA_with_blank_Password -->
  <testcase name="TC_04_Verifying_Login_EWA_without_Selecting_Roomname" time="0.0" classname="Script.Login_Validation">
    <skipped/>
  </testcase> <!-- TC_04_Verifying_Login_EWA_without_Selecting_Roomname -->
  <testcase name="TC_05_Verifying_Login_EWA_with_Invalid_Username" time="0.0" classname="Script.Login_Validation">
    <skipped/>
  </testcase> <!-- TC_05_Verifying_Login_EWA_with_Invalid_Username -->
  <testcase name="TC_06_Verifying_Login_EWA_with_Invalid_Password" time="0.0" classname="Script.Login_Validation">
    <skipped/>
  </testcase> <!-- TC_06_Verifying_Login_EWA_with_Invalid_Password -->
  <testcase name="TC_07_Verifying_Yes_button_of_Session_for_user_is_already_active_dialog_box" time="0.0" classname="Script.Login_Validation">
    <skipped/>
  </testcase> <!-- TC_07_Verifying_Yes_button_of_Session_for_user_is_already_active_dialog_box -->
</testsuite> <!-- Test1 -->
