<?xml version="1.0" encoding="UTF-8"?>
<!-- Generated by org.testng.reporters.JUnitXMLReporter -->
<testsuite hostname="CIPLWKT014" ignored="0" name="Test28" tests="4" failures="0" timestamp="21 Jun 2024 22:15:35 GMT" time="268.916" errors="0">
  <testcase name="Login_EWA" time="33.207" classname="Script.Negative_Securitydialog"/>
  <testcase name="TC_01_Open_Security_Dialog_And_Verify_Title_and_Cancel_Button" time="80.307" classname="Script.Negative_Securitydialog"/>
  <testcase name="TC_02_Verify_Already_added_showing_Validation" time="74.429" classname="Script.Negative_Securitydialog"/>
  <testcase name="TC_03_Verify_Already_addedGroup_showing_Validation" time="65.21" classname="Script.Negative_Securitydialog"/>
</testsuite> <!-- Test28 -->
