<?xml version="1.0" encoding="UTF-8"?>
<!-- Generated by org.testng.reporters.JUnitXMLReporter -->
<testsuite hostname="CIPLWKT014" ignored="0" name="Test15" tests="5" failures="1" timestamp="21 Jun 2024 20:09:03 GMT" time="357.124" errors="0">
  <testcase name="Login_EWA" time="32.834" classname="Script.My_Preferences_Download_Allfiles"/>
  <testcase name="TC_01_Verify_Download_All_Files" time="77.612" classname="Script.My_Preferences_Download_Allfiles">
    <skipped/>
  </testcase> <!-- TC_01_Verify_Download_All_Files -->
  <testcase name="TC_01_Verify_Download_All_Files" time="79.309" classname="Script.My_Preferences_Download_Allfiles">
    <skipped/>
  </testcase> <!-- TC_01_Verify_Download_All_Files -->
  <testcase name="TC_01_Verify_Download_All_Files" time="79.415" classname="Script.My_Preferences_Download_Allfiles">
    <skipped/>
  </testcase> <!-- TC_01_Verify_Download_All_Files -->
  <testcase name="TC_01_Verify_Download_All_Files" time="78.801" classname="Script.My_Preferences_Download_Allfiles">
    <failure type="org.openqa.selenium.ElementClickInterceptedException" message="element click intercepted: Element &amp;lt;span class=&amp;quot;icon   downloadPageIcon icon-content&amp;quot; style=&amp;quot;background-image: url(&amp;amp;quot;data:image/png;base64,iVBORw0KGgoAAAANSUhEUgAAABAAAAAQCAYAAAAf8/9hAAAAfklEQVR42rWThRkDIQyFq+swyHXoeviSoc4Fd3i4/VhymtV1D5jSEJngpGseiNQCaQcgouHz+RyJcy63/YAEtQCYV9CvUucE23dD0glerxcCwA7IfsR8gBgzAVtdABDxODoRyYsMgKiHT+BNMW/gXRzjjcAYuxuLUzVBbrbFI1ZlSkvGJHM0AAAAAElFTkSuQmCC&amp;amp;quot;); font-size: 15px;&amp;quot;&amp;gt;&amp;lt;/span&amp;gt; is not clickable at point (1003, 86). Other element would receive the click: &amp;lt;span class=&amp;quot;icon  closeIcon&amp;quot; title=&amp;quot;Document Close&amp;quot; style=&amp;quot;background-image: url(&amp;amp;quot;data:image/png;base64,iVBORw0KGgoAAAANSUhEUgAAABAAAAAQCAQAAAC1+jfqAAAAbUlEQVR42q3P1QECMRRFwaGdtbSP94JrDzg83M/v3N0kvq9G1DGQXXAy0XVqYGUmF7y00nMqNxOTasczGVFubmWuUFkIFhX7SfBtpc0k+KNB8Cyue5+zyxfd8uWLTo0Fx4sGTrX1BENpoO4vrQGZikCiGU5i6QAAAABJRU5ErkJggg==&amp;amp;quot;); font-size: 15px;&amp;quot;&amp;gt;&amp;lt;/span&amp;gt;
  (Session info: chrome=126.0.6478.115)
Build info: version: &amp;apos;3.141.59&amp;apos;, revision: &amp;apos;e82be7d358&amp;apos;, time: &amp;apos;2018-11-14T08:25:53&amp;apos;
System info: host: &amp;apos;CIPLWKT014&amp;apos;, ip: &amp;apos;10.4.8.14&amp;apos;, os.name: &amp;apos;Windows 10&amp;apos;, os.arch: &amp;apos;x86&amp;apos;, os.version: &amp;apos;10.0&amp;apos;, java.version: &amp;apos;1.8.0_351&amp;apos;
Driver info: org.openqa.selenium.chrome.ChromeDriver
Capabilities {acceptInsecureCerts: false, browserName: chrome, browserVersion: 126.0.6478.115, chrome: {chromedriverVersion: 126.0.6478.62 (b2781ca4c383..., userDataDir: C:\Users\nisha.r\AppData\Lo...}, fedcm:accounts: true, goog:chromeOptions: {debuggerAddress: localhost:56002}, javascriptEnabled: true, networkConnectionEnabled: false, pageLoadStrategy: normal, platform: WINDOWS, platformName: WINDOWS, proxy: Proxy(), setWindowRect: true, strictFileInteractability: false, timeouts: {implicit: 0, pageLoad: 300000, script: 30000}, unhandledPromptBehavior: dismiss and notify, webauthn:extension:credBlob: true, webauthn:extension:largeBlob: true, webauthn:extension:minPinLength: true, webauthn:extension:prf: true, webauthn:virtualAuthenticators: true}
Session ID: 7ee732e35d2634a1b44bec35ef50c871">
      <![CDATA[org.openqa.selenium.ElementClickInterceptedException: element click intercepted: Element <span class="icon   downloadPageIcon icon-content" style="background-image: url(&quot;data:image/png;base64,iVBORw0KGgoAAAANSUhEUgAAABAAAAAQCAYAAAAf8/9hAAAAfklEQVR42rWThRkDIQyFq+swyHXoeviSoc4Fd3i4/VhymtV1D5jSEJngpGseiNQCaQcgouHz+RyJcy63/YAEtQCYV9CvUucE23dD0glerxcCwA7IfsR8gBgzAVtdABDxODoRyYsMgKiHT+BNMW/gXRzjjcAYuxuLUzVBbrbFI1ZlSkvGJHM0AAAAAElFTkSuQmCC&quot;); font-size: 15px;"></span> is not clickable at point (1003, 86). Other element would receive the click: <span class="icon  closeIcon" title="Document Close" style="background-image: url(&quot;data:image/png;base64,iVBORw0KGgoAAAANSUhEUgAAABAAAAAQCAQAAAC1+jfqAAAAbUlEQVR42q3P1QECMRRFwaGdtbSP94JrDzg83M/v3N0kvq9G1DGQXXAy0XVqYGUmF7y00nMqNxOTasczGVFubmWuUFkIFhX7SfBtpc0k+KNB8Cyue5+zyxfd8uWLTo0Fx4sGTrX1BENpoO4vrQGZikCiGU5i6QAAAABJRU5ErkJggg==&quot;); font-size: 15px;"></span>
  (Session info: chrome=126.0.6478.115)
Build info: version: '3.141.59', revision: 'e82be7d358', time: '2018-11-14T08:25:53'
System info: host: 'CIPLWKT014', ip: '10.4.8.14', os.name: 'Windows 10', os.arch: 'x86', os.version: '10.0', java.version: '1.8.0_351'
Driver info: org.openqa.selenium.chrome.ChromeDriver
Capabilities {acceptInsecureCerts: false, browserName: chrome, browserVersion: 126.0.6478.115, chrome: {chromedriverVersion: 126.0.6478.62 (b2781ca4c383..., userDataDir: C:\Users\nisha.r\AppData\Lo...}, fedcm:accounts: true, goog:chromeOptions: {debuggerAddress: localhost:56002}, javascriptEnabled: true, networkConnectionEnabled: false, pageLoadStrategy: normal, platform: WINDOWS, platformName: WINDOWS, proxy: Proxy(), setWindowRect: true, strictFileInteractability: false, timeouts: {implicit: 0, pageLoad: 300000, script: 30000}, unhandledPromptBehavior: dismiss and notify, webauthn:extension:credBlob: true, webauthn:extension:largeBlob: true, webauthn:extension:minPinLength: true, webauthn:extension:prf: true, webauthn:virtualAuthenticators: true}
Session ID: 7ee732e35d2634a1b44bec35ef50c871
at org.openqa.selenium.remote.http.W3CHttpResponseCodec.createException(W3CHttpResponseCodec.java:187)
at org.openqa.selenium.remote.http.W3CHttpResponseCodec.decode(W3CHttpResponseCodec.java:122)
at org.openqa.selenium.remote.http.W3CHttpResponseCodec.decode(W3CHttpResponseCodec.java:49)
at org.openqa.selenium.remote.HttpCommandExecutor.execute(HttpCommandExecutor.java:158)
at org.openqa.selenium.remote.service.DriverCommandExecutor.execute(DriverCommandExecutor.java:83)
at org.openqa.selenium.remote.RemoteWebDriver.execute(RemoteWebDriver.java:552)
at org.openqa.selenium.remote.RemoteWebElement.execute(RemoteWebElement.java:285)
at org.openqa.selenium.remote.RemoteWebElement.click(RemoteWebElement.java:84)
at org.openqa.selenium.support.pagefactory.internal.LocatingElementHandler.invoke(LocatingElementHandler.java:51)
at com.sun.proxy.$Proxy5.click(Unknown Source)
at Pom.My_Preferences.getDownload_File(My_Preferences.java:834)
at Script.My_Preferences_Download_Allfiles.TC_01_Verify_Download_All_Files(My_Preferences_Download_Allfiles.java:69)
... Removed 32 stack frames]]>
    </failure>
  </testcase> <!-- TC_01_Verify_Download_All_Files -->
</testsuite> <!-- Test15 -->
