<?xml version="1.0" encoding="UTF-8"?>
<!-- Generated by org.testng.reporters.JUnitXMLReporter -->
<testsuite hostname="CIPLWKT014" ignored="0" name="Test13" tests="5" failures="0" timestamp="21 Jun 2024 19:57:36 GMT" time="425.06" errors="0">
  <testcase name="Login_EWA" time="34.678" classname="Script.My_Preferences_DateFormat"/>
  <testcase name="TC_01_Verify_DateFormat_YYYY_MM_DD" time="104.792" classname="Script.My_Preferences_DateFormat"/>
  <testcase name="TC_02_Verify_DateFormat_DD_MM_YYYY" time="88.756" classname="Script.My_Preferences_DateFormat"/>
  <testcase name="TC_03_Verify_DateFormat_MM_DD_YYYY" time="97.571" classname="Script.My_Preferences_DateFormat"/>
  <testcase name="TC_04_Verify_DateFormat_Default" time="88.928" classname="Script.My_Preferences_DateFormat"/>
</testsuite> <!-- Test13 -->
