<?xml version="1.0" encoding="UTF-8"?>
<testsuite xmlns:xsi="http://www.w3.org/2001/XMLSchema-instance" xsi:noNamespaceSchemaLocation="https://maven.apache.org/surefire/maven-surefire-plugin/xsd/surefire-test-report.xsd" name="TestSuite" time="56.519" tests="130" errors="0" skipped="106" failures="23">
  <properties>
[...]
</properties>
  <testcase name="ladBrowser" classname="Script.AnnotationFunctionality" time="2.908">
    <failure message="&apos;org.openqa.selenium.chrome.ChromeOptions org.openqa.selenium.chrome.ChromeOptions.addArguments(java.lang.String[])&apos;" type="java.lang.NoSuchMethodError">java.lang.NoSuchMethodError: 'org.openqa.selenium.chrome.ChromeOptions org.openqa.selenium.chrome.ChromeOptions.addArguments(java.lang.String[])'
	at Script.AnnotationFunctionality.ladBrowser(AnnotationFunctionality.java:26)
</failure>
    <system-err><![CDATA[SLF4J: Failed to load class "org.slf4j.impl.StaticLoggerBinder".
SLF4J: Defaulting to no-operation (NOP) logger implementation
SLF4J: See http://www.slf4j.org/codes.html#StaticLoggerBinder for further details.
]]></system-err>
  </testcase>
  <testcase name="Login" classname="Script.AnnotationFunctionality" time="0">
    <skipped message="&apos;org.openqa.selenium.chrome.ChromeOptions org.openqa.selenium.chrome.ChromeOptions.addArguments(java.lang.String[])&apos;"/>
  </testcase>
  <testcase name="TC_A_DefaultView" classname="Script.AnnotationFunctionality" time="0">
    <skipped message="&apos;org.openqa.selenium.chrome.ChromeOptions org.openqa.selenium.chrome.ChromeOptions.addArguments(java.lang.String[])&apos;"/>
  </testcase>
  <testcase name="TC_B_Redaction_UnlockRedaction" classname="Script.AnnotationFunctionality" time="0">
    <skipped message="&apos;org.openqa.selenium.chrome.ChromeOptions org.openqa.selenium.chrome.ChromeOptions.addArguments(java.lang.String[])&apos;"/>
  </testcase>
  <testcase name="TC_C_HighLight_Annotation" classname="Script.AnnotationFunctionality" time="0">
    <skipped message="&apos;org.openqa.selenium.chrome.ChromeOptions org.openqa.selenium.chrome.ChromeOptions.addArguments(java.lang.String[])&apos;"/>
  </testcase>
  <testcase name="TC_E_StikyNote_Annotation" classname="Script.AnnotationFunctionality" time="0">
    <skipped message="&apos;org.openqa.selenium.chrome.ChromeOptions org.openqa.selenium.chrome.ChromeOptions.addArguments(java.lang.String[])&apos;"/>
  </testcase>
  <testcase name="TC_F_RubberStampAnnotation" classname="Script.AnnotationFunctionality" time="0">
    <skipped message="&apos;org.openqa.selenium.chrome.ChromeOptions org.openqa.selenium.chrome.ChromeOptions.addArguments(java.lang.String[])&apos;"/>
  </testcase>
  <testcase name="TC_G_Rectangle_Annotation" classname="Script.AnnotationFunctionality" time="0">
    <skipped message="&apos;org.openqa.selenium.chrome.ChromeOptions org.openqa.selenium.chrome.ChromeOptions.addArguments(java.lang.String[])&apos;"/>
  </testcase>
  <testcase name="TC_H_StampAnnotation" classname="Script.AnnotationFunctionality" time="0">
    <skipped message="&apos;org.openqa.selenium.chrome.ChromeOptions org.openqa.selenium.chrome.ChromeOptions.addArguments(java.lang.String[])&apos;"/>
  </testcase>
  <testcase name="TC_I_LineAnnotation_Ellipse_Annotation" classname="Script.AnnotationFunctionality" time="0">
    <skipped message="&apos;org.openqa.selenium.chrome.ChromeOptions org.openqa.selenium.chrome.ChromeOptions.addArguments(java.lang.String[])&apos;"/>
  </testcase>
  <testcase name="TC_J_Signature_Annotation" classname="Script.AnnotationFunctionality" time="0">
    <skipped message="&apos;org.openqa.selenium.chrome.ChromeOptions org.openqa.selenium.chrome.ChromeOptions.addArguments(java.lang.String[])&apos;"/>
  </testcase>
  <testcase name="TC_K_Polygon" classname="Script.AnnotationFunctionality" time="0">
    <skipped message="&apos;org.openqa.selenium.chrome.ChromeOptions org.openqa.selenium.chrome.ChromeOptions.addArguments(java.lang.String[])&apos;"/>
  </testcase>
  <testcase name="loadBrowser" classname="Script.AdvancedViewer_Script" time="0.093">
    <failure message="&apos;org.openqa.selenium.chrome.ChromeOptions org.openqa.selenium.chrome.ChromeOptions.addArguments(java.lang.String[])&apos;" type="java.lang.NoSuchMethodError">java.lang.NoSuchMethodError: 'org.openqa.selenium.chrome.ChromeOptions org.openqa.selenium.chrome.ChromeOptions.addArguments(java.lang.String[])'
	at Script.AdvancedViewer_Script.loadBrowser(AdvancedViewer_Script.java:22)
</failure>
  </testcase>
  <testcase name="Login" classname="Script.AdvancedViewer_Script" time="0">
    <skipped message="&apos;org.openqa.selenium.chrome.ChromeOptions org.openqa.selenium.chrome.ChromeOptions.addArguments(java.lang.String[])&apos;"/>
  </testcase>
  <testcase name="TestCase_1_AdvancedViewerOptionSelection" classname="Script.AdvancedViewer_Script" time="0">
    <skipped message="&apos;org.openqa.selenium.chrome.ChromeOptions org.openqa.selenium.chrome.ChromeOptions.addArguments(java.lang.String[])&apos;"/>
  </testcase>
  <testcase name="TestCase_2_AdvancedViewerWordDocument" classname="Script.AdvancedViewer_Script" time="0">
    <skipped message="&apos;org.openqa.selenium.chrome.ChromeOptions org.openqa.selenium.chrome.ChromeOptions.addArguments(java.lang.String[])&apos;"/>
  </testcase>
  <testcase name="TestCase_3_AdvancedViewerPDfDoc" classname="Script.AdvancedViewer_Script" time="0">
    <skipped message="&apos;org.openqa.selenium.chrome.ChromeOptions org.openqa.selenium.chrome.ChromeOptions.addArguments(java.lang.String[])&apos;"/>
  </testcase>
  <testcase name="TestCase_4_AdvancedViewerExcelFile" classname="Script.AdvancedViewer_Script" time="0">
    <skipped message="&apos;org.openqa.selenium.chrome.ChromeOptions org.openqa.selenium.chrome.ChromeOptions.addArguments(java.lang.String[])&apos;"/>
  </testcase>
  <testcase name="ladBrowser" classname="Script.SearchSelectDocumentLocation" time="0.064">
    <failure message="&apos;org.openqa.selenium.chrome.ChromeOptions org.openqa.selenium.chrome.ChromeOptions.addArguments(java.lang.String[])&apos;" type="java.lang.NoSuchMethodError">java.lang.NoSuchMethodError: 'org.openqa.selenium.chrome.ChromeOptions org.openqa.selenium.chrome.ChromeOptions.addArguments(java.lang.String[])'
	at Script.SearchSelectDocumentLocation.ladBrowser(SearchSelectDocumentLocation.java:48)
</failure>
  </testcase>
  <testcase name="Login" classname="Script.SearchSelectDocumentLocation" time="0">
    <skipped message="&apos;org.openqa.selenium.chrome.ChromeOptions org.openqa.selenium.chrome.ChromeOptions.addArguments(java.lang.String[])&apos;"/>
  </testcase>
  <testcase name="AppendToHit" classname="Script.SearchSelectDocumentLocation" time="0">
    <skipped message="&apos;org.openqa.selenium.chrome.ChromeOptions org.openqa.selenium.chrome.ChromeOptions.addArguments(java.lang.String[])&apos;"/>
  </testcase>
  <testcase name="Find_In_Hit_List" classname="Script.SearchSelectDocumentLocation" time="0">
    <skipped message="&apos;org.openqa.selenium.chrome.ChromeOptions org.openqa.selenium.chrome.ChromeOptions.addArguments(java.lang.String[])&apos;"/>
  </testcase>
  <testcase name="All_Version" classname="Script.SearchSelectDocumentLocation" time="0">
    <skipped message="&apos;org.openqa.selenium.chrome.ChromeOptions org.openqa.selenium.chrome.ChromeOptions.addArguments(java.lang.String[])&apos;"/>
  </testcase>
  <testcase name="Q_FolderSerchIcon" classname="Script.SearchSelectDocumentLocation" time="0">
    <skipped message="&apos;org.openqa.selenium.chrome.ChromeOptions org.openqa.selenium.chrome.ChromeOptions.addArguments(java.lang.String[])&apos;"/>
  </testcase>
  <testcase name="R_QuickSearch" classname="Script.SearchSelectDocumentLocation" time="0">
    <skipped message="&apos;org.openqa.selenium.chrome.ChromeOptions org.openqa.selenium.chrome.ChromeOptions.addArguments(java.lang.String[])&apos;"/>
  </testcase>
  <testcase name="S_DocumentSearch" classname="Script.SearchSelectDocumentLocation" time="0">
    <skipped message="&apos;org.openqa.selenium.chrome.ChromeOptions org.openqa.selenium.chrome.ChromeOptions.addArguments(java.lang.String[])&apos;"/>
  </testcase>
  <testcase name="CreateAndModifyDate" classname="Script.SearchSelectDocumentLocation" time="0">
    <skipped message="&apos;org.openqa.selenium.chrome.ChromeOptions org.openqa.selenium.chrome.ChromeOptions.addArguments(java.lang.String[])&apos;"/>
  </testcase>
  <testcase name="loadBrowser" classname="Script.Favorites" time="0.05">
    <failure message="&apos;org.openqa.selenium.chrome.ChromeOptions org.openqa.selenium.chrome.ChromeOptions.addArguments(java.lang.String[])&apos;" type="java.lang.NoSuchMethodError">java.lang.NoSuchMethodError: 'org.openqa.selenium.chrome.ChromeOptions org.openqa.selenium.chrome.ChromeOptions.addArguments(java.lang.String[])'
	at Script.Favorites.loadBrowser(Favorites.java:22)
</failure>
  </testcase>
  <testcase name="Login" classname="Script.Favorites" time="0">
    <skipped message="&apos;org.openqa.selenium.chrome.ChromeOptions org.openqa.selenium.chrome.ChromeOptions.addArguments(java.lang.String[])&apos;"/>
  </testcase>
  <testcase name="TC_1_FavoriteInUserLevel" classname="Script.Favorites" time="0">
    <skipped message="&apos;org.openqa.selenium.chrome.ChromeOptions org.openqa.selenium.chrome.ChromeOptions.addArguments(java.lang.String[])&apos;"/>
  </testcase>
  <testcase name="TC_2_FavoriteInSystemLevel" classname="Script.Favorites" time="0">
    <skipped message="&apos;org.openqa.selenium.chrome.ChromeOptions org.openqa.selenium.chrome.ChromeOptions.addArguments(java.lang.String[])&apos;"/>
  </testcase>
  <testcase name="ladBrowser" classname="Script.DashBoardScript" time="0.05">
    <failure message="&apos;org.openqa.selenium.chrome.ChromeOptions org.openqa.selenium.chrome.ChromeOptions.addArguments(java.lang.String[])&apos;" type="java.lang.NoSuchMethodError">java.lang.NoSuchMethodError: 'org.openqa.selenium.chrome.ChromeOptions org.openqa.selenium.chrome.ChromeOptions.addArguments(java.lang.String[])'
	at Script.DashBoardScript.ladBrowser(DashBoardScript.java:21)
</failure>
  </testcase>
  <testcase name="Login" classname="Script.DashBoardScript" time="0">
    <skipped message="&apos;org.openqa.selenium.chrome.ChromeOptions org.openqa.selenium.chrome.ChromeOptions.addArguments(java.lang.String[])&apos;"/>
  </testcase>
  <testcase name="TC_1_SearchIconDashBoardFunctionality" classname="Script.DashBoardScript" time="0">
    <skipped message="&apos;org.openqa.selenium.chrome.ChromeOptions org.openqa.selenium.chrome.ChromeOptions.addArguments(java.lang.String[])&apos;"/>
  </testcase>
  <testcase name="TC_2_NotifiactionIconDashBoardFunctionality" classname="Script.DashBoardScript" time="0">
    <skipped message="&apos;org.openqa.selenium.chrome.ChromeOptions org.openqa.selenium.chrome.ChromeOptions.addArguments(java.lang.String[])&apos;"/>
  </testcase>
  <testcase name="TodoListWFDetailsDashBoardFunctionality" classname="Script.DashBoardScript" time="0">
    <skipped message="&apos;org.openqa.selenium.chrome.ChromeOptions org.openqa.selenium.chrome.ChromeOptions.addArguments(java.lang.String[])&apos;"/>
  </testcase>
  <testcase name="TC_4_CreateNewDocumentFromDB" classname="Script.DashBoardScript" time="0">
    <skipped message="&apos;org.openqa.selenium.chrome.ChromeOptions org.openqa.selenium.chrome.ChromeOptions.addArguments(java.lang.String[])&apos;"/>
  </testcase>
  <testcase name="TC_5_Contentverse_Document_Report" classname="Script.DashBoardScript" time="0">
    <skipped message="&apos;org.openqa.selenium.chrome.ChromeOptions org.openqa.selenium.chrome.ChromeOptions.addArguments(java.lang.String[])&apos;"/>
  </testcase>
  <testcase name="TC_6_Contentverse_WrokflowStatus_Report" classname="Script.DashBoardScript" time="0">
    <skipped message="&apos;org.openqa.selenium.chrome.ChromeOptions org.openqa.selenium.chrome.ChromeOptions.addArguments(java.lang.String[])&apos;"/>
  </testcase>
  <testcase name="TC_7_Contentverse_RejectDocumentInWFReport_Report" classname="Script.DashBoardScript" time="0">
    <skipped message="&apos;org.openqa.selenium.chrome.ChromeOptions org.openqa.selenium.chrome.ChromeOptions.addArguments(java.lang.String[])&apos;"/>
  </testcase>
  <testcase name="TC_8_logoutFromDB" classname="Script.DashBoardScript" time="0">
    <skipped message="&apos;org.openqa.selenium.chrome.ChromeOptions org.openqa.selenium.chrome.ChromeOptions.addArguments(java.lang.String[])&apos;"/>
  </testcase>
  <testcase name="ladBrowser" classname="Script.SecureLink" time="0.055">
    <failure message="&apos;org.openqa.selenium.chrome.ChromeOptions org.openqa.selenium.chrome.ChromeOptions.addArguments(java.lang.String[])&apos;" type="java.lang.NoSuchMethodError">java.lang.NoSuchMethodError: 'org.openqa.selenium.chrome.ChromeOptions org.openqa.selenium.chrome.ChromeOptions.addArguments(java.lang.String[])'
	at Script.SecureLink.ladBrowser(SecureLink.java:26)
</failure>
  </testcase>
  <testcase name="Login" classname="Script.SecureLink" time="0">
    <skipped message="&apos;org.openqa.selenium.chrome.ChromeOptions org.openqa.selenium.chrome.ChromeOptions.addArguments(java.lang.String[])&apos;"/>
  </testcase>
  <testcase name="TC_1_DocumentSendToSecureLink" classname="Script.SecureLink" time="0">
    <skipped message="&apos;org.openqa.selenium.chrome.ChromeOptions org.openqa.selenium.chrome.ChromeOptions.addArguments(java.lang.String[])&apos;"/>
  </testcase>
  <testcase name="TC_2_SecureLinkFromSearchTab" classname="Script.SecureLink" time="0">
    <skipped message="&apos;org.openqa.selenium.chrome.ChromeOptions org.openqa.selenium.chrome.ChromeOptions.addArguments(java.lang.String[])&apos;"/>
  </testcase>
  <testcase name="TC_3_SecureLinkFromDocumentList" classname="Script.SecureLink" time="0">
    <skipped message="&apos;org.openqa.selenium.chrome.ChromeOptions org.openqa.selenium.chrome.ChromeOptions.addArguments(java.lang.String[])&apos;"/>
  </testcase>
  <testcase name="TC_4_SentDocumentToView" classname="Script.SecureLink" time="0">
    <skipped message="&apos;org.openqa.selenium.chrome.ChromeOptions org.openqa.selenium.chrome.ChromeOptions.addArguments(java.lang.String[])&apos;"/>
  </testcase>
  <testcase name="ladBrowser" classname="Script.SendToMail" time="0.051">
    <failure message="&apos;org.openqa.selenium.chrome.ChromeOptions org.openqa.selenium.chrome.ChromeOptions.addArguments(java.lang.String[])&apos;" type="java.lang.NoSuchMethodError">java.lang.NoSuchMethodError: 'org.openqa.selenium.chrome.ChromeOptions org.openqa.selenium.chrome.ChromeOptions.addArguments(java.lang.String[])'
	at Script.SendToMail.ladBrowser(SendToMail.java:27)
</failure>
  </testcase>
  <testcase name="Login" classname="Script.SendToMail" time="0">
    <skipped message="&apos;org.openqa.selenium.chrome.ChromeOptions org.openqa.selenium.chrome.ChromeOptions.addArguments(java.lang.String[])&apos;"/>
  </testcase>
  <testcase name="TC_A_Email_Reference" classname="Script.SendToMail" time="0">
    <skipped message="&apos;org.openqa.selenium.chrome.ChromeOptions org.openqa.selenium.chrome.ChromeOptions.addArguments(java.lang.String[])&apos;"/>
  </testcase>
  <testcase name="TC_B_Email_Copy_WithMsgBox_SubjectBox" classname="Script.SendToMail" time="0">
    <skipped message="&apos;org.openqa.selenium.chrome.ChromeOptions org.openqa.selenium.chrome.ChromeOptions.addArguments(java.lang.String[])&apos;"/>
  </testcase>
  <testcase name="TC_C_Email_ConvertPDF_WithAll_Annotations" classname="Script.SendToMail" time="0">
    <skipped message="&apos;org.openqa.selenium.chrome.ChromeOptions org.openqa.selenium.chrome.ChromeOptions.addArguments(java.lang.String[])&apos;"/>
  </testcase>
  <testcase name="ladBrowser" classname="Script.PrintFunctionality" time="0.045">
    <failure message="&apos;org.openqa.selenium.chrome.ChromeOptions org.openqa.selenium.chrome.ChromeOptions.addArguments(java.lang.String[])&apos;" type="java.lang.NoSuchMethodError">java.lang.NoSuchMethodError: 'org.openqa.selenium.chrome.ChromeOptions org.openqa.selenium.chrome.ChromeOptions.addArguments(java.lang.String[])'
	at Script.PrintFunctionality.ladBrowser(PrintFunctionality.java:44)
</failure>
  </testcase>
  <testcase name="Login" classname="Script.PrintFunctionality" time="0">
    <skipped message="&apos;org.openqa.selenium.chrome.ChromeOptions org.openqa.selenium.chrome.ChromeOptions.addArguments(java.lang.String[])&apos;"/>
  </testcase>
  <testcase name="PrintWithcertifiedCoverPageUnlockRedaction" classname="Script.PrintFunctionality" time="0">
    <skipped message="&apos;org.openqa.selenium.chrome.ChromeOptions org.openqa.selenium.chrome.ChromeOptions.addArguments(java.lang.String[])&apos;"/>
  </testcase>
  <testcase name="loadBrowser" classname="Script.SendToExport" time="0.044">
    <failure message="&apos;org.openqa.selenium.chrome.ChromeOptions org.openqa.selenium.chrome.ChromeOptions.addArguments(java.lang.String[])&apos;" type="java.lang.NoSuchMethodError">java.lang.NoSuchMethodError: 'org.openqa.selenium.chrome.ChromeOptions org.openqa.selenium.chrome.ChromeOptions.addArguments(java.lang.String[])'
	at Script.SendToExport.loadBrowser(SendToExport.java:24)
</failure>
  </testcase>
  <testcase name="Login" classname="Script.SendToExport" time="0">
    <skipped message="&apos;org.openqa.selenium.chrome.ChromeOptions org.openqa.selenium.chrome.ChromeOptions.addArguments(java.lang.String[])&apos;"/>
  </testcase>
  <testcase name="TC_1_ExportBlankDocumenList" classname="Script.SendToExport" time="0">
    <skipped message="&apos;org.openqa.selenium.chrome.ChromeOptions org.openqa.selenium.chrome.ChromeOptions.addArguments(java.lang.String[])&apos;"/>
  </testcase>
  <testcase name="TC_2_ExportDocumenList" classname="Script.SendToExport" time="0">
    <skipped message="&apos;org.openqa.selenium.chrome.ChromeOptions org.openqa.selenium.chrome.ChromeOptions.addArguments(java.lang.String[])&apos;"/>
  </testcase>
  <testcase name="TC_3_ExportingBlankSearchList" classname="Script.SendToExport" time="0">
    <skipped message="&apos;org.openqa.selenium.chrome.ChromeOptions org.openqa.selenium.chrome.ChromeOptions.addArguments(java.lang.String[])&apos;"/>
  </testcase>
  <testcase name="TC_4_exports_with_convert_to_pdf_and_best_quality" classname="Script.SendToExport" time="0">
    <skipped message="&apos;org.openqa.selenium.chrome.ChromeOptions org.openqa.selenium.chrome.ChromeOptions.addArguments(java.lang.String[])&apos;"/>
  </testcase>
  <testcase name="TC_5_exports_with_Retain" classname="Script.SendToExport" time="0">
    <skipped message="&apos;org.openqa.selenium.chrome.ChromeOptions org.openqa.selenium.chrome.ChromeOptions.addArguments(java.lang.String[])&apos;"/>
  </testcase>
  <testcase name="TC_6_exports_with_convert_to_pdf_with_passwords" classname="Script.SendToExport" time="0">
    <skipped message="&apos;org.openqa.selenium.chrome.ChromeOptions org.openqa.selenium.chrome.ChromeOptions.addArguments(java.lang.String[])&apos;"/>
  </testcase>
  <testcase name="TC_7_exports_with_convert_to_pdf_and_include_workflow_summary" classname="Script.SendToExport" time="0">
    <skipped message="&apos;org.openqa.selenium.chrome.ChromeOptions org.openqa.selenium.chrome.ChromeOptions.addArguments(java.lang.String[])&apos;"/>
  </testcase>
  <testcase name="TC_8_DisbaledExport" classname="Script.SendToExport" time="0">
    <skipped message="&apos;org.openqa.selenium.chrome.ChromeOptions org.openqa.selenium.chrome.ChromeOptions.addArguments(java.lang.String[])&apos;"/>
  </testcase>
  <testcase name="ladBrowser" classname="Script.SecureLink_Negative_Scenerio" time="0.048">
    <failure message="&apos;org.openqa.selenium.chrome.ChromeOptions org.openqa.selenium.chrome.ChromeOptions.addArguments(java.lang.String[])&apos;" type="java.lang.NoSuchMethodError">java.lang.NoSuchMethodError: 'org.openqa.selenium.chrome.ChromeOptions org.openqa.selenium.chrome.ChromeOptions.addArguments(java.lang.String[])'
	at Script.SecureLink_Negative_Scenerio.ladBrowser(SecureLink_Negative_Scenerio.java:24)
</failure>
  </testcase>
  <testcase name="Login" classname="Script.SecureLink_Negative_Scenerio" time="0">
    <skipped message="&apos;org.openqa.selenium.chrome.ChromeOptions org.openqa.selenium.chrome.ChromeOptions.addArguments(java.lang.String[])&apos;"/>
  </testcase>
  <testcase name="TC_1_SecureLinkInvalidRecepient_Mail_ID_ValidConfirm_Mail" classname="Script.SecureLink_Negative_Scenerio" time="0">
    <skipped message="&apos;org.openqa.selenium.chrome.ChromeOptions org.openqa.selenium.chrome.ChromeOptions.addArguments(java.lang.String[])&apos;"/>
  </testcase>
  <testcase name="TC_2_SendToSecureLinkwithout_Email_ID_BlankTest" classname="Script.SecureLink_Negative_Scenerio" time="0">
    <skipped message="&apos;org.openqa.selenium.chrome.ChromeOptions org.openqa.selenium.chrome.ChromeOptions.addArguments(java.lang.String[])&apos;"/>
  </testcase>
  <testcase name="TC_3_SecLinkReceipientDailogBoxInvalid_Email_ID" classname="Script.SecureLink_Negative_Scenerio" time="0">
    <skipped message="&apos;org.openqa.selenium.chrome.ChromeOptions org.openqa.selenium.chrome.ChromeOptions.addArguments(java.lang.String[])&apos;"/>
  </testcase>
  <testcase name="TC_4_SecLinkReceipientMailBlank" classname="Script.SecureLink_Negative_Scenerio" time="0">
    <skipped message="&apos;org.openqa.selenium.chrome.ChromeOptions org.openqa.selenium.chrome.ChromeOptions.addArguments(java.lang.String[])&apos;"/>
  </testcase>
  <testcase name="loadBrowser" classname="Script.NewDocumentNegativeScenerio" time="0.056">
    <failure message="&apos;org.openqa.selenium.chrome.ChromeOptions org.openqa.selenium.chrome.ChromeOptions.addArguments(java.lang.String[])&apos;" type="java.lang.NoSuchMethodError">java.lang.NoSuchMethodError: 'org.openqa.selenium.chrome.ChromeOptions org.openqa.selenium.chrome.ChromeOptions.addArguments(java.lang.String[])'
	at Script.NewDocumentNegativeScenerio.loadBrowser(NewDocumentNegativeScenerio.java:18)
</failure>
  </testcase>
  <testcase name="Login" classname="Script.NewDocumentNegativeScenerio" time="0">
    <skipped message="&apos;org.openqa.selenium.chrome.ChromeOptions org.openqa.selenium.chrome.ChromeOptions.addArguments(java.lang.String[])&apos;"/>
  </testcase>
  <testcase name="CreateNewDocumentWithoutFolder" classname="Script.NewDocumentNegativeScenerio" time="0">
    <skipped message="&apos;org.openqa.selenium.chrome.ChromeOptions org.openqa.selenium.chrome.ChromeOptions.addArguments(java.lang.String[])&apos;"/>
  </testcase>
  <testcase name="CreateNewDocWithoutDocumentType" classname="Script.NewDocumentNegativeScenerio" time="0">
    <skipped message="&apos;org.openqa.selenium.chrome.ChromeOptions org.openqa.selenium.chrome.ChromeOptions.addArguments(java.lang.String[])&apos;"/>
  </testcase>
  <testcase name="NewDocWithoutFileName" classname="Script.NewDocumentNegativeScenerio" time="0">
    <skipped message="&apos;org.openqa.selenium.chrome.ChromeOptions org.openqa.selenium.chrome.ChromeOptions.addArguments(java.lang.String[])&apos;"/>
  </testcase>
  <testcase name="ladBrowser" classname="Script.NegativeScenarioAdvancedView" time="0.063">
    <failure message="&apos;org.openqa.selenium.chrome.ChromeOptions org.openqa.selenium.chrome.ChromeOptions.addArguments(java.lang.String[])&apos;" type="java.lang.NoSuchMethodError">java.lang.NoSuchMethodError: 'org.openqa.selenium.chrome.ChromeOptions org.openqa.selenium.chrome.ChromeOptions.addArguments(java.lang.String[])'
	at Script.NegativeScenarioAdvancedView.ladBrowser(NegativeScenarioAdvancedView.java:19)
</failure>
  </testcase>
  <testcase name="Login" classname="Script.NegativeScenarioAdvancedView" time="0">
    <skipped message="&apos;org.openqa.selenium.chrome.ChromeOptions org.openqa.selenium.chrome.ChromeOptions.addArguments(java.lang.String[])&apos;"/>
  </testcase>
  <testcase name="TC_1_AdvancedViewerOptionSelection" classname="Script.NegativeScenarioAdvancedView" time="0">
    <skipped message="&apos;org.openqa.selenium.chrome.ChromeOptions org.openqa.selenium.chrome.ChromeOptions.addArguments(java.lang.String[])&apos;"/>
  </testcase>
  <testcase name="TC_2_AdvancedViewPDFDocNegativeScript" classname="Script.NegativeScenarioAdvancedView" time="0">
    <skipped message="&apos;org.openqa.selenium.chrome.ChromeOptions org.openqa.selenium.chrome.ChromeOptions.addArguments(java.lang.String[])&apos;"/>
  </testcase>
  <testcase name="loadBrowser" classname="Script.Print_Email_Export_Negative_Scenerio" time="0.045">
    <failure message="&apos;org.openqa.selenium.chrome.ChromeOptions org.openqa.selenium.chrome.ChromeOptions.addArguments(java.lang.String[])&apos;" type="java.lang.NoSuchMethodError">java.lang.NoSuchMethodError: 'org.openqa.selenium.chrome.ChromeOptions org.openqa.selenium.chrome.ChromeOptions.addArguments(java.lang.String[])'
	at Script.Print_Email_Export_Negative_Scenerio.loadBrowser(Print_Email_Export_Negative_Scenerio.java:27)
</failure>
  </testcase>
  <testcase name="Login" classname="Script.Print_Email_Export_Negative_Scenerio" time="0">
    <skipped message="&apos;org.openqa.selenium.chrome.ChromeOptions org.openqa.selenium.chrome.ChromeOptions.addArguments(java.lang.String[])&apos;"/>
  </testcase>
  <testcase name="TC_1_Email_Print_Export_Negative_Script" classname="Script.Print_Email_Export_Negative_Scenerio" time="0">
    <skipped message="&apos;org.openqa.selenium.chrome.ChromeOptions org.openqa.selenium.chrome.ChromeOptions.addArguments(java.lang.String[])&apos;"/>
  </testcase>
  <testcase name="loadBrowser" classname="Script.LargeFiles_AutomationTesting" time="0.044">
    <failure message="&apos;org.openqa.selenium.chrome.ChromeOptions org.openqa.selenium.chrome.ChromeOptions.addArguments(java.lang.String[])&apos;" type="java.lang.NoSuchMethodError">java.lang.NoSuchMethodError: 'org.openqa.selenium.chrome.ChromeOptions org.openqa.selenium.chrome.ChromeOptions.addArguments(java.lang.String[])'
	at Script.LargeFiles_AutomationTesting.loadBrowser(LargeFiles_AutomationTesting.java:28)
</failure>
  </testcase>
  <testcase name="Login" classname="Script.LargeFiles_AutomationTesting" time="0">
    <skipped message="&apos;org.openqa.selenium.chrome.ChromeOptions org.openqa.selenium.chrome.ChromeOptions.addArguments(java.lang.String[])&apos;"/>
  </testcase>
  <testcase name="TC_1_Upload_and_verify_Large_PDF_file" classname="Script.LargeFiles_AutomationTesting" time="0">
    <skipped message="&apos;org.openqa.selenium.chrome.ChromeOptions org.openqa.selenium.chrome.ChromeOptions.addArguments(java.lang.String[])&apos;"/>
  </testcase>
  <testcase name="TC_2_Upload_and_verify_Large_TIFF_file" classname="Script.LargeFiles_AutomationTesting" time="0">
    <skipped message="&apos;org.openqa.selenium.chrome.ChromeOptions org.openqa.selenium.chrome.ChromeOptions.addArguments(java.lang.String[])&apos;"/>
  </testcase>
  <testcase name="TC_3_Upload_and_verify_Large_DOCX_file" classname="Script.LargeFiles_AutomationTesting" time="0">
    <skipped message="&apos;org.openqa.selenium.chrome.ChromeOptions org.openqa.selenium.chrome.ChromeOptions.addArguments(java.lang.String[])&apos;"/>
  </testcase>
  <testcase name="TC_4_Upload_and_verify_Large_XLSX_file" classname="Script.LargeFiles_AutomationTesting" time="0">
    <skipped message="&apos;org.openqa.selenium.chrome.ChromeOptions org.openqa.selenium.chrome.ChromeOptions.addArguments(java.lang.String[])&apos;"/>
  </testcase>
  <testcase name="ladBrowser" classname="Script.Thumbnail_MicroSoft_FabBTN" time="0.046">
    <failure message="&apos;org.openqa.selenium.chrome.ChromeOptions org.openqa.selenium.chrome.ChromeOptions.addArguments(java.lang.String[])&apos;" type="java.lang.NoSuchMethodError">java.lang.NoSuchMethodError: 'org.openqa.selenium.chrome.ChromeOptions org.openqa.selenium.chrome.ChromeOptions.addArguments(java.lang.String[])'
	at Script.Thumbnail_MicroSoft_FabBTN.ladBrowser(Thumbnail_MicroSoft_FabBTN.java:22)
</failure>
  </testcase>
  <testcase name="Login" classname="Script.Thumbnail_MicroSoft_FabBTN" time="0">
    <skipped message="&apos;org.openqa.selenium.chrome.ChromeOptions org.openqa.selenium.chrome.ChromeOptions.addArguments(java.lang.String[])&apos;"/>
  </testcase>
  <testcase name="TC_1_ShowThumbnail" classname="Script.Thumbnail_MicroSoft_FabBTN" time="0">
    <skipped message="&apos;org.openqa.selenium.chrome.ChromeOptions org.openqa.selenium.chrome.ChromeOptions.addArguments(java.lang.String[])&apos;"/>
  </testcase>
  <testcase name="TC_2_Create_document_saveDoc" classname="Script.Thumbnail_MicroSoft_FabBTN" time="0">
    <skipped message="&apos;org.openqa.selenium.chrome.ChromeOptions org.openqa.selenium.chrome.ChromeOptions.addArguments(java.lang.String[])&apos;"/>
  </testcase>
  <testcase name="TC_3_Upload_Document_fabBTN" classname="Script.Thumbnail_MicroSoft_FabBTN" time="0">
    <skipped message="&apos;org.openqa.selenium.chrome.ChromeOptions org.openqa.selenium.chrome.ChromeOptions.addArguments(java.lang.String[])&apos;"/>
  </testcase>
  <testcase name="TC_4_View_Document_fullScreen" classname="Script.Thumbnail_MicroSoft_FabBTN" time="0">
    <skipped message="&apos;org.openqa.selenium.chrome.ChromeOptions org.openqa.selenium.chrome.ChromeOptions.addArguments(java.lang.String[])&apos;"/>
  </testcase>
  <testcase name="TC_5_View_Document_Delete" classname="Script.Thumbnail_MicroSoft_FabBTN" time="0">
    <skipped message="&apos;org.openqa.selenium.chrome.ChromeOptions org.openqa.selenium.chrome.ChromeOptions.addArguments(java.lang.String[])&apos;"/>
  </testcase>
  <testcase name="ladBrowser" classname="Script.RegisterStamp__Advanced_Viewing" time="0.044">
    <failure message="&apos;org.openqa.selenium.chrome.ChromeOptions org.openqa.selenium.chrome.ChromeOptions.addArguments(java.lang.String[])&apos;" type="java.lang.NoSuchMethodError">java.lang.NoSuchMethodError: 'org.openqa.selenium.chrome.ChromeOptions org.openqa.selenium.chrome.ChromeOptions.addArguments(java.lang.String[])'
	at Script.RegisterStamp__Advanced_Viewing.ladBrowser(RegisterStamp__Advanced_Viewing.java:20)
</failure>
  </testcase>
  <testcase name="Login" classname="Script.RegisterStamp__Advanced_Viewing" time="0">
    <skipped message="&apos;org.openqa.selenium.chrome.ChromeOptions org.openqa.selenium.chrome.ChromeOptions.addArguments(java.lang.String[])&apos;"/>
  </testcase>
  <testcase name="TC_A_Advanced_View" classname="Script.RegisterStamp__Advanced_Viewing" time="0">
    <skipped message="&apos;org.openqa.selenium.chrome.ChromeOptions org.openqa.selenium.chrome.ChromeOptions.addArguments(java.lang.String[])&apos;"/>
  </testcase>
  <testcase name="TestCase_2_Add_Stamp_SignHere" classname="Script.RegisterStamp__Advanced_Viewing" time="0">
    <skipped message="&apos;org.openqa.selenium.chrome.ChromeOptions org.openqa.selenium.chrome.ChromeOptions.addArguments(java.lang.String[])&apos;"/>
  </testcase>
  <testcase name="TestCase_3_Dynamic_Stamp" classname="Script.RegisterStamp__Advanced_Viewing" time="0">
    <skipped message="&apos;org.openqa.selenium.chrome.ChromeOptions org.openqa.selenium.chrome.ChromeOptions.addArguments(java.lang.String[])&apos;"/>
  </testcase>
  <testcase name="TestCase_4_Standard_Stamp" classname="Script.RegisterStamp__Advanced_Viewing" time="0">
    <skipped message="&apos;org.openqa.selenium.chrome.ChromeOptions org.openqa.selenium.chrome.ChromeOptions.addArguments(java.lang.String[])&apos;"/>
  </testcase>
  <testcase name="TestCase_5_Custom_Stamp" classname="Script.RegisterStamp__Advanced_Viewing" time="0">
    <skipped message="&apos;org.openqa.selenium.chrome.ChromeOptions org.openqa.selenium.chrome.ChromeOptions.addArguments(java.lang.String[])&apos;"/>
  </testcase>
  <testcase name="loadBrowser" classname="Script.RoomContextFunction_TakeOwnerShip_ReleaseOwnerShip" time="0.062">
    <failure message="&apos;org.openqa.selenium.chrome.ChromeOptions org.openqa.selenium.chrome.ChromeOptions.addArguments(java.lang.String[])&apos;" type="java.lang.NoSuchMethodError">java.lang.NoSuchMethodError: 'org.openqa.selenium.chrome.ChromeOptions org.openqa.selenium.chrome.ChromeOptions.addArguments(java.lang.String[])'
	at Script.RoomContextFunction_TakeOwnerShip_ReleaseOwnerShip.loadBrowser(RoomContextFunction_TakeOwnerShip_ReleaseOwnerShip.java:23)
</failure>
  </testcase>
  <testcase name="Login" classname="Script.RoomContextFunction_TakeOwnerShip_ReleaseOwnerShip" time="0">
    <skipped message="&apos;org.openqa.selenium.chrome.ChromeOptions org.openqa.selenium.chrome.ChromeOptions.addArguments(java.lang.String[])&apos;"/>
  </testcase>
  <testcase name="TC_01_ChangeNavigation" classname="Script.RoomContextFunction_TakeOwnerShip_ReleaseOwnerShip" time="0">
    <skipped message="&apos;org.openqa.selenium.chrome.ChromeOptions org.openqa.selenium.chrome.ChromeOptions.addArguments(java.lang.String[])&apos;"/>
  </testcase>
  <testcase name="TC_02_Checking_Cabinet_SecurityPermission" classname="Script.RoomContextFunction_TakeOwnerShip_ReleaseOwnerShip" time="0">
    <skipped message="&apos;org.openqa.selenium.chrome.ChromeOptions org.openqa.selenium.chrome.ChromeOptions.addArguments(java.lang.String[])&apos;"/>
  </testcase>
  <testcase name="TC_03_TakeOwnerShip" classname="Script.RoomContextFunction_TakeOwnerShip_ReleaseOwnerShip" time="0">
    <skipped message="&apos;org.openqa.selenium.chrome.ChromeOptions org.openqa.selenium.chrome.ChromeOptions.addArguments(java.lang.String[])&apos;"/>
  </testcase>
  <testcase name="TC_04_ReleaseOwnerShip" classname="Script.RoomContextFunction_TakeOwnerShip_ReleaseOwnerShip" time="0">
    <skipped message="&apos;org.openqa.selenium.chrome.ChromeOptions org.openqa.selenium.chrome.ChromeOptions.addArguments(java.lang.String[])&apos;"/>
  </testcase>
  <testcase name="loadBrowser" classname="Script.RoomContextMenu_CopyPaste" time="0.051">
    <failure message="&apos;org.openqa.selenium.chrome.ChromeOptions org.openqa.selenium.chrome.ChromeOptions.addArguments(java.lang.String[])&apos;" type="java.lang.NoSuchMethodError">java.lang.NoSuchMethodError: 'org.openqa.selenium.chrome.ChromeOptions org.openqa.selenium.chrome.ChromeOptions.addArguments(java.lang.String[])'
	at Script.RoomContextMenu_CopyPaste.loadBrowser(RoomContextMenu_CopyPaste.java:20)
</failure>
  </testcase>
  <testcase name="Login" classname="Script.RoomContextMenu_CopyPaste" time="0">
    <skipped message="&apos;org.openqa.selenium.chrome.ChromeOptions org.openqa.selenium.chrome.ChromeOptions.addArguments(java.lang.String[])&apos;"/>
  </testcase>
  <testcase name="RoomContextMenu_CopyAndPasteDrawerLevel" classname="Script.RoomContextMenu_CopyPaste" time="0">
    <skipped message="&apos;org.openqa.selenium.chrome.ChromeOptions org.openqa.selenium.chrome.ChromeOptions.addArguments(java.lang.String[])&apos;"/>
  </testcase>
  <testcase name="loadBrowser" classname="Script.RoomContextMenu_Notification" time="0.046">
    <failure message="&apos;org.openqa.selenium.chrome.ChromeOptions org.openqa.selenium.chrome.ChromeOptions.addArguments(java.lang.String[])&apos;" type="java.lang.NoSuchMethodError">java.lang.NoSuchMethodError: 'org.openqa.selenium.chrome.ChromeOptions org.openqa.selenium.chrome.ChromeOptions.addArguments(java.lang.String[])'
	at Script.RoomContextMenu_Notification.loadBrowser(RoomContextMenu_Notification.java:19)
</failure>
  </testcase>
  <testcase name="Login" classname="Script.RoomContextMenu_Notification" time="0">
    <skipped message="&apos;org.openqa.selenium.chrome.ChromeOptions org.openqa.selenium.chrome.ChromeOptions.addArguments(java.lang.String[])&apos;"/>
  </testcase>
  <testcase name="TC_08_NotificationFunction" classname="Script.RoomContextMenu_Notification" time="0">
    <skipped message="&apos;org.openqa.selenium.chrome.ChromeOptions org.openqa.selenium.chrome.ChromeOptions.addArguments(java.lang.String[])&apos;"/>
  </testcase>
  <testcase name="loadBrowser" classname="Script.RMC_NodeProperties" time="0.041">
    <failure message="&apos;org.openqa.selenium.chrome.ChromeOptions org.openqa.selenium.chrome.ChromeOptions.addArguments(java.lang.String[])&apos;" type="java.lang.NoSuchMethodError">java.lang.NoSuchMethodError: 'org.openqa.selenium.chrome.ChromeOptions org.openqa.selenium.chrome.ChromeOptions.addArguments(java.lang.String[])'
	at Script.RMC_NodeProperties.loadBrowser(RMC_NodeProperties.java:19)
</failure>
  </testcase>
  <testcase name="Login" classname="Script.RMC_NodeProperties" time="0">
    <skipped message="&apos;org.openqa.selenium.chrome.ChromeOptions org.openqa.selenium.chrome.ChromeOptions.addArguments(java.lang.String[])&apos;"/>
  </testcase>
  <testcase name="RoomContextMenu_NodeProperties" classname="Script.RMC_NodeProperties" time="0">
    <skipped message="&apos;org.openqa.selenium.chrome.ChromeOptions org.openqa.selenium.chrome.ChromeOptions.addArguments(java.lang.String[])&apos;"/>
  </testcase>
  <testcase name="loadBrowser" classname="Script.RMC_Custom_Document_Types" time="0.043">
    <failure message="&apos;org.openqa.selenium.chrome.ChromeOptions org.openqa.selenium.chrome.ChromeOptions.addArguments(java.lang.String[])&apos;" type="java.lang.NoSuchMethodError">java.lang.NoSuchMethodError: 'org.openqa.selenium.chrome.ChromeOptions org.openqa.selenium.chrome.ChromeOptions.addArguments(java.lang.String[])'
	at Script.RMC_Custom_Document_Types.loadBrowser(RMC_Custom_Document_Types.java:19)
</failure>
  </testcase>
  <testcase name="Login" classname="Script.RMC_Custom_Document_Types" time="0">
    <skipped message="&apos;org.openqa.selenium.chrome.ChromeOptions org.openqa.selenium.chrome.ChromeOptions.addArguments(java.lang.String[])&apos;"/>
  </testcase>
  <testcase name="TC_1_CustomDocumentTypes" classname="Script.RMC_Custom_Document_Types" time="0">
    <skipped message="&apos;org.openqa.selenium.chrome.ChromeOptions org.openqa.selenium.chrome.ChromeOptions.addArguments(java.lang.String[])&apos;"/>
  </testcase>
  <testcase name="TC_1_Login" classname="Script.UnsupportedFiles" time="40.051"/>
  <testcase name="TC_2_CreateDocumentWithUnsupportedFiles" classname="Script.UnsupportedFiles" time="0">
    <skipped message="&apos;void org.openqa.selenium.support.PageFactory.initElements(org.openqa.selenium.WebDriver, java.lang.Object)&apos;"/>
  </testcase>
  <testcase name="TC_2_CreateDocumentWithUnsupportedFiles" classname="Script.UnsupportedFiles" time="0">
    <skipped message="&apos;void org.openqa.selenium.support.PageFactory.initElements(org.openqa.selenium.WebDriver, java.lang.Object)&apos;"/>
  </testcase>
  <testcase name="TC_2_CreateDocumentWithUnsupportedFiles" classname="Script.UnsupportedFiles" time="0">
    <skipped message="&apos;void org.openqa.selenium.support.PageFactory.initElements(org.openqa.selenium.WebDriver, java.lang.Object)&apos;"/>
  </testcase>
  <testcase name="TC_2_CreateDocumentWithUnsupportedFiles" classname="Script.UnsupportedFiles" time="0.001">
    <failure message="&apos;void org.openqa.selenium.support.PageFactory.initElements(org.openqa.selenium.WebDriver, java.lang.Object)&apos;" type="java.lang.NoSuchMethodError">java.lang.NoSuchMethodError: 'void org.openqa.selenium.support.PageFactory.initElements(org.openqa.selenium.WebDriver, java.lang.Object)'
	at Script.UnsupportedFiles.TC_2_CreateDocumentWithUnsupportedFiles(UnsupportedFiles.java:46)
</failure>
  </testcase>
  <testcase name="TC_3_Verify_UnsupportedFiles_Download_Offline" classname="Script.UnsupportedFiles" time="0">
    <skipped message="&apos;void org.openqa.selenium.support.PageFactory.initElements(org.openqa.selenium.WebDriver, java.lang.Object)&apos;"/>
  </testcase>
  <testcase name="TC_3_Verify_UnsupportedFiles_Download_Offline" classname="Script.UnsupportedFiles" time="0">
    <skipped message="&apos;void org.openqa.selenium.support.PageFactory.initElements(org.openqa.selenium.WebDriver, java.lang.Object)&apos;"/>
  </testcase>
  <testcase name="TC_3_Verify_UnsupportedFiles_Download_Offline" classname="Script.UnsupportedFiles" time="0">
    <skipped message="&apos;void org.openqa.selenium.support.PageFactory.initElements(org.openqa.selenium.WebDriver, java.lang.Object)&apos;"/>
  </testcase>
  <testcase name="TC_3_Verify_UnsupportedFiles_Download_Offline" classname="Script.UnsupportedFiles" time="0.001">
    <failure message="&apos;void org.openqa.selenium.support.PageFactory.initElements(org.openqa.selenium.WebDriver, java.lang.Object)&apos;" type="java.lang.NoSuchMethodError">java.lang.NoSuchMethodError: 'void org.openqa.selenium.support.PageFactory.initElements(org.openqa.selenium.WebDriver, java.lang.Object)'
	at Script.UnsupportedFiles.TC_3_Verify_UnsupportedFiles_Download_Offline(UnsupportedFiles.java:55)
</failure>
  </testcase>
</testsuite>