<?xml version="1.0" encoding="UTF-8"?>
<!-- Generated by org.testng.reporters.JUnitXMLReporter -->
<testsuite hostname="CIPLWKT014" ignored="0" name="Test2" tests="5" failures="0" timestamp="12 Feb 2024 15:37:56 GMT" time="533.802" errors="0">
  <testcase name="Login" time="24.188" classname="French_Language.AdvancedViewer_Script"/>
  <testcase name="AdvancedViewerOptionSelection" time="28.41" classname="French_Language.AdvancedViewer_Script"/>
  <testcase name="AdvancedViewerWordDocument" time="179.109" classname="French_Language.AdvancedViewer_Script"/>
  <testcase name="AdvancedViewerPDfDoc" time="181.796" classname="French_Language.AdvancedViewer_Script"/>
  <testcase name="AdvancedViewerExcelFile" time="108.107" classname="French_Language.AdvancedViewer_Script"/>
</testsuite> <!-- Test2 -->
