<?xml version="1.0" encoding="UTF-8"?>
<!-- Generated by org.testng.reporters.JUnitXMLReporter -->
<testsuite hostname="CIPLWKT014" ignored="0" name="Test18" tests="5" failures="0" timestamp="03 Jul 2024 13:28:41 GMT" time="407.216" errors="0">
  <testcase name="Login_EWA" time="66.558" classname="Script.My_Preferences_Office_documents"/>
  <testcase name="TC_01_Verify_Browse_Office_documents_Advancedviewing" time="115.695" classname="Script.My_Preferences_Office_documents"/>
  <testcase name="TC_02_Verify_NewWordDocuments_Office_documents_Advancedviewing" time="29.657" classname="Script.My_Preferences_Office_documents"/>
  <testcase name="TC_03_Verify_NewExcelSpreadsheet_Office_documents_Advancedviewing" time="23.024" classname="Script.My_Preferences_Office_documents"/>
  <testcase name="TC_04_Verify_Browse_Office_documents_Defaultviewing" time="125.897" classname="Script.My_Preferences_Office_documents"/>
</testsuite> <!-- Test18 -->
