<?xml version="1.0" encoding="UTF-8"?>
<!-- Generated by org.testng.reporters.JUnitXMLReporter -->
<testsuite ignored="0" hostname="CIPLWKT014" failures="0" tests="15" name="Test7" time="724.691" errors="0" timestamp="2024-11-27T15:17:10 IST">
  <testcase classname="Computhink.Script.Custom_Columns_Test" name="TC_01_Verify_Open_Custom_List_Dialog_Title" time="65.055"/>
  <testcase classname="Computhink.Script.Custom_Columns_Test" name="TC_02_Verify__Text_of_Custom_List_Dialog" time="6.123"/>
  <testcase classname="Computhink.Script.Custom_Columns_Test" name="TC_03_Set_And_Verify_Custom_Columns_NodeLevel" time="92.511"/>
  <testcase classname="Computhink.Script.Custom_Columns_Test" name="TC_04_Verify_Default_Custom_Columns" time="64.661"/>
  <testcase classname="Computhink.Script.Custom_Columns_Test" name="TC_05_Verify_Cancel_Button_of_CustomList" time="16.193"/>
  <testcase classname="Computhink.Script.Custom_Columns_Test" name="TC_06_Verify_Custom_Columns_RoomLevel" time="41.541"/>
  <testcase classname="Computhink.Script.Custom_Columns_Test" name="TC_07_Verify_Reset_Columns_Functionality" time="13.166"/>
  <testcase classname="Computhink.Script.Custom_Columns_Test" name="TC_08_Open_Custom_List_Dialog_And_Verify_Title_Searchcolumn" time="43.093"/>
  <testcase classname="Computhink.Script.Custom_Columns_Test" name="TC_09_Verify__Text_of_Custom_List_Dialog_Searchcolumn" time="6.077"/>
  <testcase classname="Computhink.Script.Custom_Columns_Test" name="TC_10_Verify_Set_Custom_Columns_for_Search" time="130.447"/>
  <testcase classname="Computhink.Script.Custom_Columns_Test" name="TC_11_Verify_Reset_Columns_for_Search" time="24.902"/>
  <testcase classname="Computhink.Script.Custom_Columns_Test" name="TC_12_Open_Custom_List_Dialog_And_Verify_Title_ToDoList" time="47.314"/>
  <testcase classname="Computhink.Script.Custom_Columns_Test" name="TC_13_Verify_Text_of_Custom_List_Dialog_ToDoList" time="12.088"/>
  <testcase classname="Computhink.Script.Custom_Columns_Test" name="TC_14_Verify_Set_Custom_Columns_for_ToDoList" time="132.638"/>
  <testcase classname="Computhink.Script.Custom_Columns_Test" name="TC_15_Reset_Custom_Columns_for_ToDoList" time="28.863"/>
</testsuite> <!-- Test7 -->
