<?xml version="1.0" encoding="UTF-8"?>
<!-- Generated by org.testng.reporters.JUnitXMLReporter -->
<testsuite ignored="0" hostname="CIPLWKT014" failures="0" tests="2" name="Test23" time="244.608" errors="0" timestamp="2024-11-27T16:57:04 IST">
  <testcase classname="Computhink.Script.My_Preferences_Redaction_View_Password" name="TC_01_Verify_Redaction_View_Password" time="183.809"/>
  <testcase classname="Computhink.Script.My_Preferences_Redaction_View_Password" name="TC_02_Verify_Reset_My_Preferences" time="60.797"/>
</testsuite> <!-- Test23 -->
