<?xml version="1.0" encoding="UTF-8"?>
<testng-results ignored="0" total="8" passed="8" failed="0" skipped="0">
  <reporter-output>
    <line>
      <![CDATA[Chrome driver launched successfull]]>
    </line>
    <line>
      <![CDATA[Chrome Browser launched Successfully...]]>
    </line>
    <line>
      <![CDATA[EWA URL launched successfull]]>
    </line>
    <line>
      <![CDATA[Contentverse URL launched successfully...]]>
    </line>
    <line>
      <![CDATA[Scenario 01: Log into EWA]]>
    </line>
    <line>
      <![CDATA[Enter valid user name into username field]]>
    </line>
    <line>
      <![CDATA[Enter valid password into password field]]>
    </line>
    <line>
      <![CDATA[Select a Room]]>
    </line>
    <line>
      <![CDATA[Click Login button]]>
    </line>
    <line>
      <![CDATA[Session message not appeared]]>
    </line>
    <line>
      <![CDATA[User logged in successfully... ]]>
    </line>
    <line>
      <![CDATA[Scenario 2:Open the document and Add Redaction Annotation on the page]]>
    </line>
    <line>
      <![CDATA[Click on room context menu tab]]>
    </line>
    <line>
      <![CDATA[Select sendto workflow option]]>
    </line>
    <line>
      <![CDATA[Select any workflow]]>
    </line>
    <line>
      <![CDATA[Document send to workflow successfully dialog will be appeared...]]>
    </line>
    <line>
      <![CDATA[Click confirmation dialog OK button]]>
    </line>
    <line>
      <![CDATA[Document send to manual workflow successfully]]>
    </line>
    <line>
      <![CDATA[Logout the current session]]>
    </line>
    <line>
      <![CDATA[Click on Username option]]>
    </line>
    <line>
      <![CDATA[Click on Logout option]]>
    </line>
    <line>
      <![CDATA[Scenario 02: Task User Log into EWA]]>
    </line>
    <line>
      <![CDATA[Enter task user name into user name field ]]>
    </line>
    <line>
      <![CDATA[Click on Login Button]]>
    </line>
    <line>
      <![CDATA[Login without session message...]]>
    </line>
    <line>
      <![CDATA[Task user logged into EWA successfully...]]>
    </line>
    <line>
      <![CDATA[Scenario 03:Task User1 Accept the workflow document]]>
    </line>
    <line>
      <![CDATA[Click on Todolist tab]]>
    </line>
    <line>
      <![CDATA[Select Newitems option]]>
    </line>
    <line>
      <![CDATA[Expand a document metadata option]]>
    </line>
    <line>
      <![CDATA[Click on Accept button]]>
    </line>
    <line>
      <![CDATA[Add comment in Accept dialog]]>
    </line>
    <line>
      <![CDATA[Click on Accept dialog OK button]]>
    </line>
    <line>
      <![CDATA[Task user1 Accept the document successfully...]]>
    </line>
    <line>
      <![CDATA[Task user1 Logout the Session...]]>
    </line>
    <line>
      <![CDATA[Successfully Document  Move to Task User2]]>
    </line>
    <line>
      <![CDATA[Task user1 Logout the Session...]]>
    </line>
    <line>
      <![CDATA[Click on Username option]]>
    </line>
    <line>
      <![CDATA[Click on Logout option]]>
    </line>
    <line>
      <![CDATA[Scenario 4: Task user Log into EWA ]]>
    </line>
    <line>
      <![CDATA[Enter valid task name into user name field]]>
    </line>
    <line>
      <![CDATA[Enter valid password into password field ]]>
    </line>
    <line>
      <![CDATA[Click Login button]]>
    </line>
    <line>
      <![CDATA[Login without session message]]>
    </line>
    <line>
      <![CDATA[Task user Logged into EWA successfully...]]>
    </line>
    <line>
      <![CDATA[Scenario 05: Task user2 Accept the workflow document]]>
    </line>
    <line>
      <![CDATA[Click on Todolist tab ]]>
    </line>
    <line>
      <![CDATA[Cick on New items Option]]>
    </line>
    <line>
      <![CDATA[Expand workflow document metadata option]]>
    </line>
    <line>
      <![CDATA[Click Reject button]]>
    </line>
    <line>
      <![CDATA[Add comment in Reject dialog box]]>
    </line>
    <line>
      <![CDATA[Click on Reject dialog OK button]]>
    </line>
    <line>
      <![CDATA[Rejected Document  Move to Task User3 successfully...]]>
    </line>
    <line>
      <![CDATA[Click on Reject dialog OK button]]>
    </line>
    <line>
      <![CDATA[Task user 2 logout the session successfully...]]>
    </line>
    <line>
      <![CDATA[Click on Username option]]>
    </line>
    <line>
      <![CDATA[Click on Logout option]]>
    </line>
    <line>
      <![CDATA[Scenario 06: Task user log into EWA]]>
    </line>
    <line>
      <![CDATA[Enter valid task user name into user name field]]>
    </line>
    <line>
      <![CDATA[Enter valid password into password field]]>
    </line>
    <line>
      <![CDATA[Click login button]]>
    </line>
    <line>
      <![CDATA[Login without session  message]]>
    </line>
    <line>
      <![CDATA[Task user log into EWA successfully...]]>
    </line>
    <line>
      <![CDATA[TaskUser3 Dipak Logged in successful]]>
    </line>
    <line>
      <![CDATA[Scenario 07: Task user3 will do End workflow]]>
    </line>
    <line>
      <![CDATA[Click Todo list tab]]>
    </line>
    <line>
      <![CDATA[Select New items]]>
    </line>
    <line>
      <![CDATA[Expand New items document metadata]]>
    </line>
    <line>
      <![CDATA[Click on Endworkflow button]]>
    </line>
    <line>
      <![CDATA[Enter comment in Endworkflow dialog]]>
    </line>
    <line>
      <![CDATA[Click Endworkflow dialog OK button]]>
    </line>
    <line>
      <![CDATA[Task user 3 successfully completed the workflow...]]>
    </line>
  </reporter-output>
  <suite started-at="2024-11-05T15:31:06 IST" name="Default suite" finished-at="2024-11-05T15:38:46 IST" duration-ms="459233">
    <groups>
    </groups>
    <test started-at="2024-11-05T15:31:06 IST" name="Default test" finished-at="2024-11-05T15:38:46 IST" duration-ms="459233">
      <class name="Script.ManualWorkflow">
        <test-method is-config="true" signature="loadBrowser()[pri:0, instance:Script.ManualWorkflow@2262b621]" started-at="2024-11-05T15:31:06 IST" name="loadBrowser" finished-at="2024-11-05T15:31:11 IST" duration-ms="4921" status="PASS">
          <reporter-output>
            <line>
              <![CDATA[Chrome driver launched successfull]]>
            </line>
            <line>
              <![CDATA[Chrome Browser launched Successfully...]]>
            </line>
            <line>
              <![CDATA[EWA URL launched successfull]]>
            </line>
            <line>
              <![CDATA[Contentverse URL launched successfully...]]>
            </line>
          </reporter-output>
        </test-method> <!-- loadBrowser -->
        <test-method signature="Login()[pri:1, instance:Script.ManualWorkflow@2262b621]" started-at="2024-11-05T15:31:11 IST" name="Login" finished-at="2024-11-05T15:31:51 IST" duration-ms="39436" status="PASS">
          <reporter-output>
            <line>
              <![CDATA[Scenario 01: Log into EWA]]>
            </line>
            <line>
              <![CDATA[Enter valid user name into username field]]>
            </line>
            <line>
              <![CDATA[Enter valid password into password field]]>
            </line>
            <line>
              <![CDATA[Select a Room]]>
            </line>
            <line>
              <![CDATA[Click Login button]]>
            </line>
            <line>
              <![CDATA[Session message not appeared]]>
            </line>
            <line>
              <![CDATA[User logged in successfully... ]]>
            </line>
          </reporter-output>
        </test-method> <!-- Login -->
        <test-method signature="TC_1_SendDoc()[pri:2, instance:Script.ManualWorkflow@2262b621]" started-at="2024-11-05T15:31:51 IST" name="TC_1_SendDoc" finished-at="2024-11-05T15:34:25 IST" duration-ms="154536" status="PASS">
          <reporter-output>
            <line>
              <![CDATA[Scenario 2:Open the document and Add Redaction Annotation on the page]]>
            </line>
            <line>
              <![CDATA[Click on room context menu tab]]>
            </line>
            <line>
              <![CDATA[Select sendto workflow option]]>
            </line>
            <line>
              <![CDATA[Select any workflow]]>
            </line>
            <line>
              <![CDATA[Document send to workflow successfully dialog will be appeared...]]>
            </line>
            <line>
              <![CDATA[Click confirmation dialog OK button]]>
            </line>
            <line>
              <![CDATA[Document send to manual workflow successfully]]>
            </line>
            <line>
              <![CDATA[Logout the current session]]>
            </line>
          </reporter-output>
        </test-method> <!-- TC_1_SendDoc -->
        <test-method signature="TC_2_refrshAndLogRnishaUser()[pri:3, instance:Script.ManualWorkflow@2262b621]" started-at="2024-11-05T15:34:25 IST" name="TC_2_refrshAndLogRnishaUser" finished-at="2024-11-05T15:35:27 IST" duration-ms="61480" status="PASS">
          <reporter-output>
            <line>
              <![CDATA[Click on Username option]]>
            </line>
            <line>
              <![CDATA[Click on Logout option]]>
            </line>
            <line>
              <![CDATA[Scenario 02: Task User Log into EWA]]>
            </line>
            <line>
              <![CDATA[Enter task user name into user name field ]]>
            </line>
            <line>
              <![CDATA[Click on Login Button]]>
            </line>
            <line>
              <![CDATA[Login without session message...]]>
            </line>
            <line>
              <![CDATA[Task user logged into EWA successfully...]]>
            </line>
          </reporter-output>
        </test-method> <!-- TC_2_refrshAndLogRnishaUser -->
        <test-method signature="TC_3_SendAndNewItemsMetaDataAgree()[pri:4, instance:Script.ManualWorkflow@2262b621]" started-at="2024-11-05T15:35:27 IST" name="TC_3_SendAndNewItemsMetaDataAgree" finished-at="2024-11-05T15:35:52 IST" duration-ms="25022" status="PASS">
          <reporter-output>
            <line>
              <![CDATA[Scenario 03:Task User1 Accept the workflow document]]>
            </line>
            <line>
              <![CDATA[Click on Todolist tab]]>
            </line>
            <line>
              <![CDATA[Select Newitems option]]>
            </line>
            <line>
              <![CDATA[Expand a document metadata option]]>
            </line>
            <line>
              <![CDATA[Click on Accept button]]>
            </line>
            <line>
              <![CDATA[Add comment in Accept dialog]]>
            </line>
            <line>
              <![CDATA[Click on Accept dialog OK button]]>
            </line>
            <line>
              <![CDATA[Task user1 Accept the document successfully...]]>
            </line>
            <line>
              <![CDATA[Task user1 Logout the Session...]]>
            </line>
            <line>
              <![CDATA[Successfully Document  Move to Task User2]]>
            </line>
            <line>
              <![CDATA[Task user1 Logout the Session...]]>
            </line>
          </reporter-output>
        </test-method> <!-- TC_3_SendAndNewItemsMetaDataAgree -->
        <test-method signature="TC_4_Task2UserVidyaAccept()[pri:5, instance:Script.ManualWorkflow@2262b621]" started-at="2024-11-05T15:35:52 IST" name="TC_4_Task2UserVidyaAccept" finished-at="2024-11-05T15:36:50 IST" duration-ms="58378" status="PASS">
          <reporter-output>
            <line>
              <![CDATA[Click on Username option]]>
            </line>
            <line>
              <![CDATA[Click on Logout option]]>
            </line>
            <line>
              <![CDATA[Scenario 4: Task user Log into EWA ]]>
            </line>
            <line>
              <![CDATA[Enter valid task name into user name field]]>
            </line>
            <line>
              <![CDATA[Enter valid password into password field ]]>
            </line>
            <line>
              <![CDATA[Click Login button]]>
            </line>
            <line>
              <![CDATA[Login without session message]]>
            </line>
            <line>
              <![CDATA[Task user Logged into EWA successfully...]]>
            </line>
          </reporter-output>
        </test-method> <!-- TC_4_Task2UserVidyaAccept -->
        <test-method signature="TC_5_TaskUserVidyaAcceptTheDocument()[pri:6, instance:Script.ManualWorkflow@2262b621]" started-at="2024-11-05T15:36:50 IST" name="TC_5_TaskUserVidyaAcceptTheDocument" finished-at="2024-11-05T15:37:14 IST" duration-ms="24099" status="PASS">
          <reporter-output>
            <line>
              <![CDATA[Scenario 05: Task user2 Accept the workflow document]]>
            </line>
            <line>
              <![CDATA[Click on Todolist tab ]]>
            </line>
            <line>
              <![CDATA[Cick on New items Option]]>
            </line>
            <line>
              <![CDATA[Expand workflow document metadata option]]>
            </line>
            <line>
              <![CDATA[Click Reject button]]>
            </line>
            <line>
              <![CDATA[Add comment in Reject dialog box]]>
            </line>
            <line>
              <![CDATA[Click on Reject dialog OK button]]>
            </line>
            <line>
              <![CDATA[Rejected Document  Move to Task User3 successfully...]]>
            </line>
            <line>
              <![CDATA[Click on Reject dialog OK button]]>
            </line>
            <line>
              <![CDATA[Task user 2 logout the session successfully...]]>
            </line>
          </reporter-output>
        </test-method> <!-- TC_5_TaskUserVidyaAcceptTheDocument -->
        <test-method signature="TC_6_refrshAndLogDNishaC()[pri:7, instance:Script.ManualWorkflow@2262b621]" started-at="2024-11-05T15:37:14 IST" name="TC_6_refrshAndLogDNishaC" finished-at="2024-11-05T15:38:11 IST" duration-ms="56687" status="PASS">
          <reporter-output>
            <line>
              <![CDATA[Click on Username option]]>
            </line>
            <line>
              <![CDATA[Click on Logout option]]>
            </line>
            <line>
              <![CDATA[Scenario 06: Task user log into EWA]]>
            </line>
            <line>
              <![CDATA[Enter valid task user name into user name field]]>
            </line>
            <line>
              <![CDATA[Enter valid password into password field]]>
            </line>
            <line>
              <![CDATA[Click login button]]>
            </line>
            <line>
              <![CDATA[Login without session  message]]>
            </line>
            <line>
              <![CDATA[Task user log into EWA successfully...]]>
            </line>
            <line>
              <![CDATA[TaskUser3 Dipak Logged in successful]]>
            </line>
          </reporter-output>
        </test-method> <!-- TC_6_refrshAndLogDNishaC -->
        <test-method signature="TC_8_DocEndedFromTask3NishaCUser()[pri:9, instance:Script.ManualWorkflow@2262b621]" started-at="2024-11-05T15:38:11 IST" name="TC_8_DocEndedFromTask3NishaCUser" finished-at="2024-11-05T15:38:46 IST" duration-ms="34597" status="PASS">
          <reporter-output>
            <line>
              <![CDATA[Scenario 07: Task user3 will do End workflow]]>
            </line>
            <line>
              <![CDATA[Click Todo list tab]]>
            </line>
            <line>
              <![CDATA[Select New items]]>
            </line>
            <line>
              <![CDATA[Expand New items document metadata]]>
            </line>
            <line>
              <![CDATA[Click on Endworkflow button]]>
            </line>
            <line>
              <![CDATA[Enter comment in Endworkflow dialog]]>
            </line>
            <line>
              <![CDATA[Click Endworkflow dialog OK button]]>
            </line>
            <line>
              <![CDATA[Task user 3 successfully completed the workflow...]]>
            </line>
          </reporter-output>
        </test-method> <!-- TC_8_DocEndedFromTask3NishaCUser -->
      </class> <!-- Script.ManualWorkflow -->
    </test> <!-- Default test -->
  </suite> <!-- Default suite -->
</testng-results>
